2026-02-19T13:04:29.820860700: Resetting League Data...
2026-02-19T13:04:30.393226700: Loading LaLiga data from JSON...
2026-02-19T13:04:30.394304500: File found, parsing...
2026-02-19T13:04:33.590820600: Teams loaded. Count: 20
2026-02-19T13:04:39.779778900: Matches loaded from JSON. Count: 380
2026-02-19T13:04:49.782393200: Resetting League Data...
2026-02-19T13:04:49.920152400: Loading LaLiga data from JSON...
2026-02-19T13:04:49.921156100: File found, parsing...
2026-02-19T13:04:51.809934800: Teams loaded. Count: 20
2026-02-19T13:04:57.829514400: Matches loaded from JSON. Count: 380
2026-02-19T13:24:51.782670100: Resetting League Data...
2026-02-19T13:24:52.246641: Loading LaLiga data from JSON...
2026-02-19T13:24:52.248656900: File found, parsing...
2026-02-19T13:24:54.758951500: Teams loaded. Count: 20
2026-02-19T13:25:00.301421800: Matches loaded from JSON. Count: 380
2026-02-19T13:25:10.138254100: Resetting League Data...
2026-02-19T13:25:10.235565700: Loading LaLiga data from JSON...
2026-02-19T13:25:10.236565: File found, parsing...
2026-02-19T13:25:11.775765700: Teams loaded. Count: 20
2026-02-19T13:25:16.911221100: Matches loaded from JSON. Count: 380
